1636904518279	geckodriver	INFO	Listening on 127.0.0.1:52039
1636904521352	mozrunner::runner	INFO	Running command: "C:\\Program Files\\Mozilla Firefox\\firefox.exe" "--marionette" "--remote-debugging-port" "52040" "-no-remote" "-profile" "C:\\Users\\rfnsh\\AppData\\Local\\Temp\\rust_mozprofileJLlNY0"
1636904522129	Marionette	INFO	Marionette enabled
console.warn: SearchSettings: "get: No settings file exists, new profile?" (new NotFoundError("Could not open the file at C:\\Users\\rfnsh\\AppData\\Local\\Temp\\rust_mozprofileJLlNY0\\search.json.mozlz4", (void 0)))
DevTools listening on ws://localhost:52040/devtools/browser/5400ddd8-9594-4494-a1da-0899b703658e
1636904525661	Marionette	INFO	Listening on port 60419
1636904525728	RemoteAgent	WARN	TLS certificate errors will be ignored for this session
JavaScript warning: https://web.whatsapp.com/bootstrap_qr.37b05cd2420f8e06848b.js, line 57: unreachable code after return statement
JavaScript warning: https://web.whatsapp.com/bootstrap_qr.37b05cd2420f8e06848b.js, line 57: unreachable code after return statement
JavaScript error: https://web.whatsapp.com/serviceworker.js, line 1: TypeError: Cache.put: Cache got basic response with bad status 206 while trying to add request https://web.whatsapp.com/sequential-ptt-middle_7fa161964e93db72b8d00ae22189d75f.mp3
JavaScript error: https://web.whatsapp.com/serviceworker.js, line 1: TypeError: Cache.put: Cache got basic response with bad status 206 while trying to add request https://web.whatsapp.com/sequential-ptt-end_62ed28be622237546fd39f9468a76a49.mp3
JavaScript error: https://web.whatsapp.com/serviceworker.js, line 1: TypeError: Cache.put: Cache got basic response with bad status 206 while trying to add request https://web.whatsapp.com/notification_2a485d84012c106acef03b527bb54635.mp3
1636904545429	Marionette	INFO	Stopped listening on port 60419
JavaScript error: , line 0: NetworkError: FetchEvent.respondWith() Promise rejected
JavaScript error: , line 0: NS_ERROR_NET_PARTIAL_TRANSFER
JavaScript error: , line 0: NS_ERROR_NET_PARTIAL_TRANSFER
JavaScript error: , line 0: NS_ERROR_NET_PARTIAL_TRANSFER
JavaScript error: , line 0: NS_ERROR_NET_PARTIAL_TRANSFER
JavaScript error: , line 0: NS_ERROR_NET_PARTIAL_TRANSFER
JavaScript error: , line 0: NS_ERROR_NET_PARTIAL_TRANSFER
JavaScript error: , line 0: NS_ERROR_NET_PARTIAL_TRANSFER
JavaScript error: , line 0: NS_ERROR_NET_PARTIAL_TRANSFER
JavaScript error: , line 0: NS_ERROR_NET_PARTIAL_TRANSFER
JavaScript error: , line 0: NS_ERROR_NET_PARTIAL_TRANSFER
JavaScript error: , line 0: NS_ERROR_NET_PARTIAL_TRANSFER
JavaScript error: , line 0: NS_ERROR_NET_PARTIAL_TRANSFER
JavaScript error: , line 0: NS_ERROR_NET_PARTIAL_TRANSFER
JavaScript error: , line 0: NS_ERROR_NET_PARTIAL_TRANSFER
JavaScript error: , line 0: NS_ERROR_NET_PARTIAL_TRANSFER
JavaScript error: , line 0: NS_ERROR_NET_PARTIAL_TRANSFER
JavaScript error: , line 0: NS_ERROR_NET_PARTIAL_TRANSFER
JavaScript error: , line 0: NS_ERROR_NET_PARTIAL_TRANSFER
JavaScript error: , line 0: NS_ERROR_NET_PARTIAL_TRANSFER
JavaScript error: , line 0: NetworkError: FetchEvent.respondWith() Promise rejected
JavaScript error: , line 0: NS_ERROR_NET_PARTIAL_TRANSFER
JavaScript error: , line 0: NS_ERROR_NET_PARTIAL_TRANSFER
JavaScript error: , line 0: NS_ERROR_NET_PARTIAL_TRANSFER
JavaScript error: , line 0: NS_ERROR_NET_PARTIAL_TRANSFER
JavaScript error: , line 0: NetworkError: FetchEvent.respondWith() Promise rejected
JavaScript error: , line 0: NS_ERROR_NET_PARTIAL_TRANSFER
JavaScript error: , line 0: NetworkError: FetchEvent.respondWith() Promise rejected

###!!! [Child][MessageChannel] Error: (msgtype=0x390145,name=PContent::Msg_ScriptError) Channel closing: too late to send/recv, messages will be lost


###!!! [Child][MessageChannel] Error: (msgtype=0x390145,name=PContent::Msg_ScriptError) Channel closing: too late to send/recv, messages will be lost


###!!! [Child][MessageChannel] Error: (msgtype=0x390145,name=PContent::Msg_ScriptError) Channel closing: too late to send/recv, messages will be lost


###!!! [Child][MessageChannel] Error: (msgtype=0x390145,name=PContent::Msg_ScriptError) Channel closing: too late to send/recv, messages will be lost


###!!! [Child][MessageChannel] Error: (msgtype=0x390145,name=PContent::Msg_ScriptError) Channel closing: too late to send/recv, messages will be lost


###!!! [Child][MessageChannel] Error: (msgtype=0x390145,name=PContent::Msg_ScriptError) Channel closing: too late to send/recv, messages will be lost


###!!! [Child][MessageChannel] Error: (msgtype=0x390145,name=PContent::Msg_ScriptError) Channel closing: too late to send/recv, messages will be lost


###!!! [Child][MessageChannel] Error: (msgtype=0x390145,name=PContent::Msg_ScriptError) Channel closing: too late to send/recv, messages will be lost


###!!! [Child][MessageChannel] Error: (msgtype=0x390145,name=PContent::Msg_ScriptError) Channel closing: too late to send/recv, messages will be lost


###!!! [Child][MessageChannel] Error: (msgtype=0x390145,name=PContent::Msg_ScriptError) Channel closing: too late to send/recv, messages will be lost


###!!! [Child][MessageChannel] Error: (msgtype=0x390145,name=PContent::Msg_ScriptError) Channel closing: too late to send/recv, messages will be lost


###!!! [Child][RunMessage] Error: Channel closing: too late to send/recv, messages will be lost

1636904573320	geckodriver	INFO	Listening on 127.0.0.1:60514
1636904576397	mozrunner::runner	INFO	Running command: "C:\\Program Files\\Mozilla Firefox\\firefox.exe" "--marionette" "--remote-debugging-port" "60515" "-no-remote" "-profile" "C:\\Users\\rfnsh\\AppData\\Local\\Temp\\rust_mozprofileCUg2a7"
1636904576733	Marionette	INFO	Marionette enabled
console.warn: SearchSettings: "get: No settings file exists, new profile?" (new NotFoundError("Could not open the file at C:\\Users\\rfnsh\\AppData\\Local\\Temp\\rust_mozprofileCUg2a7\\search.json.mozlz4", (void 0)))
DevTools listening on ws://localhost:60515/devtools/browser/64b758ae-591d-4687-b0e1-9e69e2600312
1636904578871	Marionette	INFO	Listening on port 60521
1636904579057	RemoteAgent	WARN	TLS certificate errors will be ignored for this session
JavaScript warning: https://web.whatsapp.com/bootstrap_qr.37b05cd2420f8e06848b.js, line 57: unreachable code after return statement
JavaScript warning: https://web.whatsapp.com/bootstrap_qr.37b05cd2420f8e06848b.js, line 57: unreachable code after return statement
JavaScript error: https://web.whatsapp.com/serviceworker.js, line 1: TypeError: Cache.put: Cache got basic response with bad status 206 while trying to add request https://web.whatsapp.com/sequential-ptt-middle_7fa161964e93db72b8d00ae22189d75f.mp3
JavaScript error: https://web.whatsapp.com/serviceworker.js, line 1: TypeError: Cache.put: Cache got basic response with bad status 206 while trying to add request https://web.whatsapp.com/notification_2a485d84012c106acef03b527bb54635.mp3
JavaScript error: https://web.whatsapp.com/serviceworker.js, line 1: TypeError: Cache.put: Cache got basic response with bad status 206 while trying to add request https://web.whatsapp.com/sequential-ptt-end_62ed28be622237546fd39f9468a76a49.mp3
1636904595819	Marionette	INFO	Stopped listening on port 60521
JavaScript error: , line 0: NetworkError: FetchEvent.respondWith() Promise rejected
JavaScript error: , line 0: NetworkError: FetchEvent.respondWith() Promise rejected
JavaScript error: , line 0: NetworkError: FetchEvent.respondWith() Promise rejected
JavaScript error: , line 0: NetworkError: FetchEvent.respondWith() Promise rejected
JavaScript error: , line 0: NetworkError: FetchEvent.respondWith() Promise rejected
JavaScript error: , line 0: NetworkError: FetchEvent.respondWith() Promise rejected
JavaScript error: , line 0: NetworkError: FetchEvent.respondWith() Promise rejected
JavaScript error: , line 0: NetworkError: FetchEvent.respondWith() Promise rejected
JavaScript error: , line 0: NetworkError: FetchEvent.respondWith() Promise rejected
JavaScript error: , line 0: NetworkError: FetchEvent.respondWith() Promise rejected
JavaScript error: , line 0: NetworkError: FetchEvent.respondWith() Promise rejected
JavaScript error: , line 0: NetworkError: FetchEvent.respondWith() Promise rejected
JavaScript error: , line 0: NetworkError: FetchEvent.respondWith() Promise rejected
JavaScript error: , line 0: NetworkError: FetchEvent.respondWith() Promise rejected
JavaScript error: , line 0: NetworkError: FetchEvent.respondWith() Promise rejected
JavaScript error: , line 0: NetworkError: FetchEvent.respondWith() Promise rejected
JavaScript error: , line 0: NetworkError: FetchEvent.respondWith() Promise rejected
JavaScript error: , line 0: NetworkError: FetchEvent.respondWith() Promise rejected
JavaScript error: , line 0: NetworkError: FetchEvent.respondWith() Promise rejected
JavaScript error: , line 0: NetworkError: FetchEvent.respondWith() Promise rejected
JavaScript error: , line 0: NetworkError: FetchEvent.respondWith() Promise rejected
JavaScript error: , line 0: NS_ERROR_NET_PARTIAL_TRANSFER
JavaScript error: , line 0: NetworkError: FetchEvent.respondWith() Promise rejected
JavaScript error: , line 0: NetworkError: FetchEvent.respondWith() Promise rejected
JavaScript error: , line 0: NetworkError: FetchEvent.respondWith() Promise rejected
JavaScript error: , line 0: NetworkError: FetchEvent.respondWith() Promise rejected
JavaScript error: , line 0: NetworkError: FetchEvent.respondWith() Promise rejected
JavaScript error: , line 0: NetworkError: FetchEvent.respondWith() Promise rejected
JavaScript error: , line 0: NetworkError: FetchEvent.respondWith() Promise rejected
JavaScript error: , line 0: NetworkError: FetchEvent.respondWith() Promise rejected
JavaScript error: , line 0: NetworkError: FetchEvent.respondWith() Promise rejected
JavaScript error: , line 0: NetworkError: FetchEvent.respondWith() Promise rejected
JavaScript error: , line 0: NetworkError: FetchEvent.respondWith() Promise rejected
JavaScript error: , line 0: NetworkError: FetchEvent.respondWith() Promise rejected
JavaScript error: , line 0: NetworkError: FetchEvent.respondWith() Promise rejected
JavaScript error: , line 0: NetworkError: FetchEvent.respondWith() Promise rejected
JavaScript error: , line 0: NetworkError: FetchEvent.respondWith() Promise rejected
JavaScript error: , line 0: NS_ERROR_NET_PARTIAL_TRANSFER
JavaScript error: , line 0: NetworkError: FetchEvent.respondWith() Promise rejected
JavaScript error: , line 0: NetworkError: FetchEvent.respondWith() Promise rejected
JavaScript error: , line 0: NetworkError: FetchEvent.respondWith() Promise rejected
JavaScript error: , line 0: NetworkError: FetchEvent.respondWith() Promise rejected
JavaScript error: , line 0: NS_ERROR_NET_PARTIAL_TRANSFER
JavaScript error: , line 0: NetworkError: FetchEvent.respondWith() Promise rejected
JavaScript error: , line 0: NetworkError: FetchEvent.respondWith() Promise rejected
JavaScript error: , line 0: NetworkError: FetchEvent.respondWith() Promise rejected
JavaScript error: , line 0: NetworkError: FetchEvent.respondWith() Promise rejected
JavaScript error: , line 0: NetworkError: FetchEvent.respondWith() Promise rejected
JavaScript error: , line 0: NetworkError: FetchEvent.respondWith() Promise rejected
JavaScript error: , line 0: NetworkError: FetchEvent.respondWith() Promise rejected
JavaScript error: , line 0: NetworkError: FetchEvent.respondWith() Promise rejected
JavaScript error: , line 0: NetworkError: FetchEvent.respondWith() Promise rejected
JavaScript error: , line 0: NetworkError: FetchEvent.respondWith() Promise rejected
JavaScript error: , line 0: NetworkError: FetchEvent.respondWith() Promise rejected
JavaScript error: , line 0: NetworkError: FetchEvent.respondWith() Promise rejected
JavaScript error: , line 0: NetworkError: FetchEvent.respondWith() Promise rejected
JavaScript error: , line 0: NetworkError: FetchEvent.respondWith() Promise rejected
JavaScript error: , line 0: NetworkError: FetchEvent.respondWith() Promise rejected
JavaScript error: , line 0: NetworkError: FetchEvent.respondWith() Promise rejected
JavaScript error: , line 0: NetworkError: FetchEvent.respondWith() Promise rejected
JavaScript error: , line 0: NS_ERROR_NET_PARTIAL_TRANSFER
JavaScript error: , line 0: NetworkError: FetchEvent.respondWith() Promise rejected
JavaScript error: , line 0: NS_ERROR_NET_PARTIAL_TRANSFER
JavaScript error: , line 0: NetworkError: FetchEvent.respondWith() Promise rejected
JavaScript error: , line 0: NetworkError: FetchEvent.respondWith() Promise rejected
JavaScript error: , line 0: NetworkError: FetchEvent.respondWith() Promise rejected
JavaScript error: , line 0: NetworkError: FetchEvent.respondWith() Promise rejected
JavaScript error: , line 0: NetworkError: FetchEvent.respondWith() Promise rejected
JavaScript error: , line 0: NetworkError: FetchEvent.respondWith() Promise rejected
JavaScript error: , line 0: NS_ERROR_NET_PARTIAL_TRANSFER
JavaScript error: , line 0: NetworkError: FetchEvent.respondWith() Promise rejected
JavaScript error: , line 0: NetworkError: FetchEvent.respondWith() Promise rejected
JavaScript error: , line 0: NetworkError: FetchEvent.respondWith() Promise rejected
JavaScript error: , line 0: NetworkError: FetchEvent.respondWith() Promise rejected
JavaScript error: , line 0: NetworkError: FetchEvent.respondWith() Promise rejected
JavaScript error: , line 0: NetworkError: FetchEvent.respondWith() Promise rejected
1636904614273	geckodriver	INFO	Listening on 127.0.0.1:64673
1636904617328	mozrunner::runner	INFO	Running command: "C:\\Program Files\\Mozilla Firefox\\firefox.exe" "--marionette" "--remote-debugging-port" "64674" "-no-remote" "-profile" "C:\\Users\\rfnsh\\AppData\\Local\\Temp\\rust_mozprofileNGH5C0"
1636904617670	Marionette	INFO	Marionette enabled
console.warn: SearchSettings: "get: No settings file exists, new profile?" (new NotFoundError("Could not open the file at C:\\Users\\rfnsh\\AppData\\Local\\Temp\\rust_mozprofileNGH5C0\\search.json.mozlz4", (void 0)))
DevTools listening on ws://localhost:64674/devtools/browser/cbd5304c-e727-43af-b6be-f7fddd443981
1636904619881	Marionette	INFO	Listening on port 64684
1636904619977	RemoteAgent	WARN	TLS certificate errors will be ignored for this session
JavaScript warning: https://web.whatsapp.com/bootstrap_qr.37b05cd2420f8e06848b.js, line 57: unreachable code after return statement
JavaScript warning: https://web.whatsapp.com/bootstrap_qr.37b05cd2420f8e06848b.js, line 57: unreachable code after return statement
JavaScript error: https://web.whatsapp.com/serviceworker.js, line 1: TypeError: Cache.put: Cache got basic response with bad status 206 while trying to add request https://web.whatsapp.com/sequential-ptt-middle_7fa161964e93db72b8d00ae22189d75f.mp3
JavaScript error: https://web.whatsapp.com/serviceworker.js, line 1: TypeError: Cache.put: Cache got basic response with bad status 206 while trying to add request https://web.whatsapp.com/sequential-ptt-end_62ed28be622237546fd39f9468a76a49.mp3
JavaScript error: https://web.whatsapp.com/serviceworker.js, line 1: TypeError: Cache.put: Cache got basic response with bad status 206 while trying to add request https://web.whatsapp.com/notification_2a485d84012c106acef03b527bb54635.mp3
1636904644217	Marionette	INFO	Stopped listening on port 64684
console.warn: TopSitesFeed: Failed to fetch data from Contile server: NetworkError when attempting to fetch resource.
JavaScript error: chrome://remote/content/marionette/cert.js, line 55: NS_ERROR_NOT_AVAILABLE: Component returned failure code: 0x80040111 (NS_ERROR_NOT_AVAILABLE) [nsICertOverrideService.setDisableAllSecurityChecksAndLetAttackersInterceptMyData]
JavaScript error: , line 0: NetworkError: FetchEvent.respondWith() Promise rejected
JavaScript error: , line 0: NetworkError: FetchEvent.respondWith() Promise rejected
JavaScript error: , line 0: NetworkError: FetchEvent.respondWith() Promise rejected
JavaScript error: , line 0: NetworkError: FetchEvent.respondWith() Promise rejected
JavaScript error: , line 0: NetworkError: FetchEvent.respondWith() Promise rejected
JavaScript error: , line 0: NetworkError: FetchEvent.respondWith() Promise rejected
JavaScript error: , line 0: NetworkError: FetchEvent.respondWith() Promise rejected
JavaScript error: , line 0: NetworkError: FetchEvent.respondWith() Promise rejected
JavaScript error: , line 0: NetworkError: FetchEvent.respondWith() Promise rejected
JavaScript error: , line 0: NetworkError: FetchEvent.respondWith() Promise rejected
JavaScript error: , line 0: NetworkError: FetchEvent.respondWith() Promise rejected
JavaScript error: , line 0: NetworkError: FetchEvent.respondWith() Promise rejected
JavaScript error: , line 0: NetworkError: FetchEvent.respondWith() Promise rejected
JavaScript error: , line 0: NetworkError: FetchEvent.respondWith() Promise rejected
JavaScript error: , line 0: NetworkError: FetchEvent.respondWith() Promise rejected
[Parent 24760, IPC I/O Parent] WARNING: file /builds/worker/checkouts/gecko/ipc/chromium/src/base/process_util_win.cc:167
1636906160342	geckodriver	INFO	Listening on 127.0.0.1:52329
1636906163465	mozrunner::runner	INFO	Running command: "C:\\Program Files\\Mozilla Firefox\\firefox.exe" "--marionette" "--remote-debugging-port" "52330" "-no-remote" "-profile" "C:\\Users\\rfnsh\\AppData\\Local\\Temp\\rust_mozprofile3KFupU"
1636906164385	Marionette	INFO	Marionette enabled
console.warn: SearchSettings: "get: No settings file exists, new profile?" (new NotFoundError("Could not open the file at C:\\Users\\rfnsh\\AppData\\Local\\Temp\\rust_mozprofile3KFupU\\search.json.mozlz4", (void 0)))
DevTools listening on ws://localhost:52330/devtools/browser/6a06953b-7cf6-4107-a483-c8ec95ed8550
1636906167410	Marionette	INFO	Listening on port 52344
1636906167672	RemoteAgent	WARN	TLS certificate errors will be ignored for this session
JavaScript warning: https://web.whatsapp.com/bootstrap_qr.37b05cd2420f8e06848b.js, line 57: unreachable code after return statement
JavaScript warning: https://web.whatsapp.com/bootstrap_qr.37b05cd2420f8e06848b.js, line 57: unreachable code after return statement
JavaScript error: https://web.whatsapp.com/serviceworker.js, line 1: TypeError: Cache.put: Cache got basic response with bad status 206 while trying to add request https://web.whatsapp.com/sequential-ptt-middle_7fa161964e93db72b8d00ae22189d75f.mp3
JavaScript error: https://web.whatsapp.com/serviceworker.js, line 1: TypeError: Cache.put: Cache got basic response with bad status 206 while trying to add request https://web.whatsapp.com/sequential-ptt-end_62ed28be622237546fd39f9468a76a49.mp3
JavaScript error: https://web.whatsapp.com/serviceworker.js, line 1: TypeError: Cache.put: Cache got basic response with bad status 206 while trying to add request https://web.whatsapp.com/notification_2a485d84012c106acef03b527bb54635.mp3
1636906177003	Marionette	INFO	Stopped listening on port 52344

###!!! [Parent][MessageChannel] Error: (msgtype=0x39007A,name=PContent::Msg_DestroyBrowsingContextGroup) Closed channel: cannot send/recv

JavaScript error: resource://gre/modules/Sqlite.jsm, line 1059: Error: Sqlite.jsm has been shutdown. Cannot open connection to: C:\Users\rfnsh\AppData\Local\Temp\rust_mozprofile3KFupU\protections.sqlite

###!!! [Parent][RunMessage] Error: Channel closing: too late to send/recv, messages will be lost

1636906191240	geckodriver	INFO	Listening on 127.0.0.1:61638
1636906194330	mozrunner::runner	INFO	Running command: "C:\\Program Files\\Mozilla Firefox\\firefox.exe" "--marionette" "--remote-debugging-port" "61639" "-no-remote" "-profile" "C:\\Users\\rfnsh\\AppData\\Local\\Temp\\rust_mozprofileADIWoZ"
1636906194703	Marionette	INFO	Marionette enabled
console.warn: SearchSettings: "get: No settings file exists, new profile?" (new NotFoundError("Could not open the file at C:\\Users\\rfnsh\\AppData\\Local\\Temp\\rust_mozprofileADIWoZ\\search.json.mozlz4", (void 0)))
DevTools listening on ws://localhost:61639/devtools/browser/360dd8d7-58af-4e70-ae85-7516ebd60d29
1636906196903	Marionette	INFO	Listening on port 61646
1636906196988	RemoteAgent	WARN	TLS certificate errors will be ignored for this session
JavaScript warning: https://web.whatsapp.com/bootstrap_qr.37b05cd2420f8e06848b.js, line 57: unreachable code after return statement
JavaScript warning: https://web.whatsapp.com/bootstrap_qr.37b05cd2420f8e06848b.js, line 57: unreachable code after return statement
JavaScript error: https://web.whatsapp.com/serviceworker.js, line 1: TypeError: Cache.put: Cache got basic response with bad status 206 while trying to add request https://web.whatsapp.com/sequential-ptt-middle_7fa161964e93db72b8d00ae22189d75f.mp3
JavaScript error: https://web.whatsapp.com/serviceworker.js, line 1: TypeError: Cache.put: Cache got basic response with bad status 206 while trying to add request https://web.whatsapp.com/sequential-ptt-end_62ed28be622237546fd39f9468a76a49.mp3
JavaScript error: https://web.whatsapp.com/serviceworker.js, line 1: TypeError: Cache.put: Cache got basic response with bad status 206 while trying to add request https://web.whatsapp.com/notification_2a485d84012c106acef03b527bb54635.mp3
[Child 38716, MediaDecoderStateMachine #1] WARNING: 2043e48b820 Could not set cubeb stream name.: file /builds/worker/checkouts/gecko/dom/media/AudioStream.cpp:367
1636906242700	Marionette	INFO	Stopped listening on port 61646

###!!! [Parent][RunMessage] Error: Channel closing: too late to send/recv, messages will be lost

1636907121684	geckodriver	INFO	Listening on 127.0.0.1:53765
1636907124792	mozrunner::runner	INFO	Running command: "C:\\Program Files\\Mozilla Firefox\\firefox.exe" "--marionette" "--remote-debugging-port" "53766" "-no-remote" "-profile" "C:\\Users\\rfnsh\\AppData\\Local\\Temp\\rust_mozprofileC8RLk5"
1636907125597	Marionette	INFO	Marionette enabled
console.warn: SearchSettings: "get: No settings file exists, new profile?" (new NotFoundError("Could not open the file at C:\\Users\\rfnsh\\AppData\\Local\\Temp\\rust_mozprofileC8RLk5\\search.json.mozlz4", (void 0)))
DevTools listening on ws://localhost:53766/devtools/browser/4e077f21-e460-4949-a8c1-12b7c5f8feab
1636907128008	Marionette	INFO	Listening on port 53775
1636907128493	RemoteAgent	WARN	TLS certificate errors will be ignored for this session
1636907128586	Marionette	INFO	Stopped listening on port 53775
console.error: Region.jsm: "Error fetching region" (new TypeError("NetworkError when attempting to fetch resource.", ""))
console.error: Region.jsm: "Failed to fetch region" (new Error("NO_RESULT", "resource://gre/modules/Region.jsm", 419))
console.error: services.settings: 
  main/query-stripping Signature failed  TypeError: NetworkError: Network request failed
1636907174025	geckodriver	INFO	Listening on 127.0.0.1:59355
1636907177093	mozrunner::runner	INFO	Running command: "C:\\Program Files\\Mozilla Firefox\\firefox.exe" "--marionette" "--remote-debugging-port" "59356" "-no-remote" "-profile" "C:\\Users\\rfnsh\\AppData\\Local\\Temp\\rust_mozprofile0s1uL2"
1636907177412	Marionette	INFO	Marionette enabled
console.warn: SearchSettings: "get: No settings file exists, new profile?" (new NotFoundError("Could not open the file at C:\\Users\\rfnsh\\AppData\\Local\\Temp\\rust_mozprofile0s1uL2\\search.json.mozlz4", (void 0)))
DevTools listening on ws://localhost:59356/devtools/browser/bba7d74a-e095-4114-a1a2-058382f529c2
1636907179476	Marionette	INFO	Listening on port 59364
1636907179758	RemoteAgent	WARN	TLS certificate errors will be ignored for this session
1636907179904	Marionette	INFO	Stopped listening on port 59364
console.error: services.settings: 
  main/query-stripping Signature failed  TypeError: NetworkError: Network request failed
console.log: "RemoteSettingsWorker error: Error: Can't import when we've started shutting down."

###!!! [Parent][RunMessage] Error: Channel closing: too late to send/recv, messages will be lost

1636907384640	geckodriver	INFO	Listening on 127.0.0.1:49703
1636907387698	mozrunner::runner	INFO	Running command: "C:\\Program Files\\Mozilla Firefox\\firefox.exe" "--marionette" "--remote-debugging-port" "49704" "-no-remote" "-profile" "C:\\Users\\rfnsh\\AppData\\Local\\Temp\\rust_mozprofilejOweGo"
1636907388000	Marionette	INFO	Marionette enabled
console.warn: SearchSettings: "get: No settings file exists, new profile?" (new NotFoundError("Could not open the file at C:\\Users\\rfnsh\\AppData\\Local\\Temp\\rust_mozprofilejOweGo\\search.json.mozlz4", (void 0)))
DevTools listening on ws://localhost:49704/devtools/browser/abf7ad7f-c97e-4e48-a1cd-6527705b7f84
1636907390184	Marionette	INFO	Listening on port 49712
1636907390359	RemoteAgent	WARN	TLS certificate errors will be ignored for this session
JavaScript warning: https://web.whatsapp.com/bootstrap_qr.37b05cd2420f8e06848b.js, line 57: unreachable code after return statement
JavaScript warning: https://web.whatsapp.com/bootstrap_qr.37b05cd2420f8e06848b.js, line 57: unreachable code after return statement
JavaScript error: https://web.whatsapp.com/serviceworker.js, line 1: TypeError: Cache.put: Cache got basic response with bad status 206 while trying to add request https://web.whatsapp.com/sequential-ptt-middle_7fa161964e93db72b8d00ae22189d75f.mp3
JavaScript error: https://web.whatsapp.com/serviceworker.js, line 1: TypeError: Cache.put: Cache got basic response with bad status 206 while trying to add request https://web.whatsapp.com/sequential-ptt-end_62ed28be622237546fd39f9468a76a49.mp3
JavaScript error: https://web.whatsapp.com/serviceworker.js, line 1: TypeError: Cache.put: Cache got basic response with bad status 206 while trying to add request https://web.whatsapp.com/notification_2a485d84012c106acef03b527bb54635.mp3
1636907435286	Marionette	INFO	Stopped listening on port 49712
1636917717560	geckodriver	INFO	Listening on 127.0.0.1:62670
1636917720619	mozrunner::runner	INFO	Running command: "C:\\Program Files\\Mozilla Firefox\\firefox.exe" "--marionette" "--remote-debugging-port" "62671" "-no-remote" "-profile" "C:\\Users\\rfnsh\\AppData\\Local\\Temp\\rust_mozprofilex2WOfd"
1636917721495	Marionette	INFO	Marionette enabled
console.warn: SearchSettings: "get: No settings file exists, new profile?" (new NotFoundError("Could not open the file at C:\\Users\\rfnsh\\AppData\\Local\\Temp\\rust_mozprofilex2WOfd\\search.json.mozlz4", (void 0)))
DevTools listening on ws://localhost:62671/devtools/browser/fdf289fa-17ff-471e-bb08-2bec49036ce3
1636917724197	Marionette	INFO	Listening on port 62678
1636917724317	RemoteAgent	WARN	TLS certificate errors will be ignored for this session
JavaScript warning: https://web.whatsapp.com/bootstrap_qr.37b05cd2420f8e06848b.js, line 57: unreachable code after return statement
JavaScript warning: https://web.whatsapp.com/bootstrap_qr.37b05cd2420f8e06848b.js, line 57: unreachable code after return statement
JavaScript error: https://web.whatsapp.com/serviceworker.js, line 1: TypeError: Cache.put: Cache got basic response with bad status 206 while trying to add request https://web.whatsapp.com/sequential-ptt-middle_7fa161964e93db72b8d00ae22189d75f.mp3
JavaScript error: https://web.whatsapp.com/serviceworker.js, line 1: TypeError: Cache.put: Cache got basic response with bad status 206 while trying to add request https://web.whatsapp.com/sequential-ptt-end_62ed28be622237546fd39f9468a76a49.mp3
JavaScript error: https://web.whatsapp.com/serviceworker.js, line 1: TypeError: Cache.put: Cache got basic response with bad status 206 while trying to add request https://web.whatsapp.com/notification_2a485d84012c106acef03b527bb54635.mp3
1636917792641	Marionette	INFO	Stopped listening on port 62678
Marionette threw an error: TypeError: browsingContext.currentWindowGlobal is null
getMarionetteCommandsActorProxy/get/<@chrome://remote/content/marionette/actors/MarionetteCommandsParent.jsm:326:29

console.warn: TopSitesFeed: Failed to fetch data from Contile server: NetworkError when attempting to fetch resource.
JavaScript error: chrome://remote/content/marionette/cert.js, line 55: NS_ERROR_NOT_AVAILABLE: Component returned failure code: 0x80040111 (NS_ERROR_NOT_AVAILABLE) [nsICertOverrideService.setDisableAllSecurityChecksAndLetAttackersInterceptMyData]
