2021-11-15 02:15:43,698 :INFO : test_tc001 :Display searched contact
2021-11-15 02:15:50,232 :INFO : test_tc002 :Successfully send message
2021-11-15 02:15:57,510 :INFO : test_tc003 :Successfully write result on excel
2021-11-15 02:16:01,597 :INFO : test_tc004 :successfully write message status on excel
2021-11-15 02:16:03,940 :INFO : test_tc005 :successfully logged out from whatsapp
2021-11-15 02:18:58,171 :INFO : test_tc001 :Display searched contact
2021-11-15 02:19:04,674 :INFO : test_tc002 :Successfully send message
2021-11-15 02:19:12,005 :INFO : test_tc003 :Successfully write result on excel
2021-11-15 02:19:16,060 :INFO : test_tc004 :successfully write message status on excel
2021-11-15 02:19:18,205 :INFO : test_tc005 :successfully logged out from whatsapp
2021-11-15 11:46:22,339 :INFO : test_tc002 :Successfully send message
2021-11-15 11:46:29,557 :INFO : test_tc003 :Successfully write result on excel
2021-11-15 11:46:33,605 :INFO : test_tc004 :successfully write message status on excel
2021-11-15 11:46:35,877 :INFO : test_tc005 :successfully logged out from whatsapp
2021-11-15 11:48:49,908 :INFO : test_tc002 :Successfully send message
2021-11-15 11:48:57,116 :INFO : test_tc003 :Successfully write result on excel
2021-11-15 11:49:01,171 :INFO : test_tc004 :successfully write message status on excel
2021-11-15 11:49:03,891 :INFO : test_tc005 :successfully logged out from whatsapp
2021-11-15 11:50:21,307 :INFO : test_tc001 :Display searched contact
2021-11-15 11:50:50,639 :INFO : test_tc002 :Successfully send message
2021-11-15 11:50:57,852 :INFO : test_tc003 :Successfully write result on excel
2021-11-15 11:51:01,902 :INFO : test_tc004 :successfully write message status on excel
2021-11-15 11:51:04,868 :INFO : test_tc005 :successfully logged out from whatsapp
2021-11-15 11:51:37,527 :INFO : test_tc002 :Successfully send message
2021-11-15 11:51:44,966 :INFO : test_tc003 :Successfully write result on excel
2021-11-15 11:51:49,013 :INFO : test_tc004 :successfully write message status on excel
2021-11-15 11:51:51,909 :INFO : test_tc005 :successfully logged out from whatsapp
2021-11-15 11:52:33,178 :INFO : test_tc001 :Display searched contact
2021-11-15 11:52:39,757 :INFO : test_tc002 :Successfully send message
2021-11-15 11:52:46,955 :INFO : test_tc003 :Successfully write result on excel
2021-11-15 11:52:50,995 :INFO : test_tc004 :successfully write message status on excel
2021-11-15 11:52:53,871 :INFO : test_tc005 :successfully logged out from whatsapp
2021-11-15 11:53:08,793 :INFO : test_tc001 :Display searched contact
2021-11-15 11:53:15,433 :INFO : test_tc002 :Successfully send message
2021-11-15 11:53:23,361 :INFO : test_tc003 :Successfully write result on excel
2021-11-15 11:53:27,395 :INFO : test_tc004 :successfully write message status on excel
2021-11-15 11:53:29,840 :INFO : test_tc005 :successfully logged out from whatsapp
