2021-11-15 02:15:43,698 :INFO : test_tc001 :Display searched contact
2021-11-15 02:15:50,232 :INFO : test_tc002 :Successfully send message
2021-11-15 02:15:57,510 :INFO : test_tc003 :Successfully write result on excel
2021-11-15 02:16:01,597 :INFO : test_tc004 :successfully write message status on excel
2021-11-15 02:16:03,940 :INFO : test_tc005 :successfully logged out from whatsapp
2021-11-15 02:18:58,171 :INFO : test_tc001 :Display searched contact
2021-11-15 02:19:04,674 :INFO : test_tc002 :Successfully send message
2021-11-15 02:19:12,005 :INFO : test_tc003 :Successfully write result on excel
2021-11-15 02:19:16,060 :INFO : test_tc004 :successfully write message status on excel
2021-11-15 02:19:18,205 :INFO : test_tc005 :successfully logged out from whatsapp
2021-11-15 11:46:22,339 :INFO : test_tc002 :Successfully send message
2021-11-15 11:46:29,557 :INFO : test_tc003 :Successfully write result on excel
2021-11-15 11:46:33,605 :INFO : test_tc004 :successfully write message status on excel
2021-11-15 11:46:35,877 :INFO : test_tc005 :successfully logged out from whatsapp
2021-11-15 11:48:49,908 :INFO : test_tc002 :Successfully send message
2021-11-15 11:48:57,116 :INFO : test_tc003 :Successfully write result on excel
2021-11-15 11:49:01,171 :INFO : test_tc004 :successfully write message status on excel
2021-11-15 11:49:03,891 :INFO : test_tc005 :successfully logged out from whatsapp
2021-11-15 11:50:21,307 :INFO : test_tc001 :Display searched contact
2021-11-15 11:50:50,639 :INFO : test_tc002 :Successfully send message
2021-11-15 11:50:57,852 :INFO : test_tc003 :Successfully write result on excel
2021-11-15 11:51:01,902 :INFO : test_tc004 :successfully write message status on excel
2021-11-15 11:51:04,868 :INFO : test_tc005 :successfully logged out from whatsapp
2021-11-15 11:51:37,527 :INFO : test_tc002 :Successfully send message
2021-11-15 11:51:44,966 :INFO : test_tc003 :Successfully write result on excel
2021-11-15 11:51:49,013 :INFO : test_tc004 :successfully write message status on excel
2021-11-15 11:51:51,909 :INFO : test_tc005 :successfully logged out from whatsapp
2021-11-15 11:52:33,178 :INFO : test_tc001 :Display searched contact
2021-11-15 11:52:39,757 :INFO : test_tc002 :Successfully send message
2021-11-15 11:52:46,955 :INFO : test_tc003 :Successfully write result on excel
2021-11-15 11:52:50,995 :INFO : test_tc004 :successfully write message status on excel
2021-11-15 11:52:53,871 :INFO : test_tc005 :successfully logged out from whatsapp
2021-11-15 11:53:08,793 :INFO : test_tc001 :Display searched contact
2021-11-15 11:53:15,433 :INFO : test_tc002 :Successfully send message
2021-11-15 11:53:23,361 :INFO : test_tc003 :Successfully write result on excel
2021-11-15 11:53:27,395 :INFO : test_tc004 :successfully write message status on excel
2021-11-15 11:53:29,840 :INFO : test_tc005 :successfully logged out from whatsapp
2021-11-15 12:20:47,197 :INFO : test_tc001 :Display searched contact
2021-11-15 13:01:46,107 :INFO : test_tc002 :Successfully send message
2021-11-15 13:05:17,577 :INFO : test_tc002 :Successfully send message
2021-11-15 13:06:03,688 :INFO : test_tc002 :Successfully send message
2021-11-15 13:16:01,546 :INFO : test_tc002 :Successfully send message
2021-11-15 13:18:49,563 :INFO : test_tc002 :Successfully send message
2021-11-15 13:22:17,535 :INFO : test_tc003 :Successfully write result on excel
2021-11-15 13:23:53,312 :INFO : test_tc001 :Display searched contact
2021-11-15 13:23:55,891 :INFO : test_tc002 :Successfully send message
2021-11-15 13:24:01,081 :INFO : test_tc003 :Successfully write result on excel
2021-11-15 13:24:05,135 :INFO : test_tc004 :successfully write message status on excel
2021-11-15 13:24:07,277 :INFO : test_tc005 :successfully logged out from whatsapp
2021-11-15 13:31:20,406 :INFO : test_tc001 :Display searched contact
2021-11-15 13:31:23,196 :INFO : test_tc002 :Successfully send message
2021-11-15 13:31:27,700 :INFO : test_tc003 :Successfully write result on excel
2021-11-15 13:31:31,762 :INFO : test_tc004 :successfully write message status on excel
2021-11-15 13:31:33,917 :INFO : test_tc005 :successfully logged out from whatsapp
2021-11-15 13:46:07,544 :INFO : test_tc001 :Display searched contact
2021-11-15 13:46:10,154 :INFO : test_tc002 :Successfully send message
2021-11-15 13:46:14,739 :INFO : test_tc003 :Successfully write result on excel
2021-11-15 13:46:18,786 :INFO : test_tc004 :successfully write message status on excel
2021-11-15 13:46:20,946 :INFO : test_tc005 :successfully logged out from whatsapp
2021-11-15 13:46:45,843 :INFO : test_tc001 :Display searched contact
2021-11-15 13:46:48,548 :INFO : test_tc002 :Successfully send message
2021-11-15 13:46:53,794 :INFO : test_tc003 :Successfully write result on excel
2021-11-15 13:46:57,843 :INFO : test_tc004 :successfully write message status on excel
2021-11-15 13:46:59,995 :INFO : test_tc005 :successfully logged out from whatsapp
2021-11-15 13:48:46,393 :INFO : test_tc001 :Display searched contact
2021-11-15 13:48:49,183 :INFO : test_tc002 :Successfully send message
2021-11-15 13:48:55,056 :INFO : test_tc003 :Successfully write result on excel
2021-11-15 13:48:59,098 :INFO : test_tc004 :successfully write message status on excel
2021-11-15 13:49:01,867 :INFO : test_tc005 :successfully logged out from whatsapp
2021-11-15 13:54:04,231 :INFO : test_tc001 :Display searched contact
2021-11-15 13:58:43,459 :INFO : test_tc002 :Successfully send message
2021-11-15 14:04:51,297 :INFO : test_tc003 :Successfully write result on excel
2021-11-15 14:06:58,293 :INFO : test_tc003 :Successfully write result on excel
2021-11-15 14:25:43,036 :INFO : test_tc001 :Display searched contact
2021-11-15 14:26:47,512 :INFO : test_tc001 :Display searched contact
2021-11-15 14:26:48,360 :INFO : test_tc002 :Successfully send message
2021-11-15 14:26:52,467 :INFO : test_tc003 :Successfully write result on excel
2021-11-15 14:26:56,496 :INFO : test_tc004 :successfully write message status on excel
2021-11-15 14:26:58,626 :INFO : test_tc005 :successfully logged out from whatsapp
2021-11-15 14:49:36,474 :INFO : test_tc001 :Display searched contact
2021-11-15 14:49:51,992 :INFO : test_tc002 :Successfully send message
2021-11-15 14:49:54,175 :INFO : test_tc004 :successfully write message status on excel
2021-11-15 14:50:02,562 :INFO : test_tc005 :successfully logged out from whatsapp
2021-11-15 14:56:12,023 :INFO : test_tc001 :Display searched contact
2021-11-15 14:57:48,362 :INFO : test_tc001 :Display searched contact
2021-11-15 14:57:49,089 :INFO : test_tc002 :Successfully send message
2021-11-15 14:57:51,711 :INFO : test_tc004 :successfully write message status on excel
2021-11-15 14:57:53,868 :INFO : test_tc005 :successfully logged out from whatsapp
2021-11-15 15:01:07,093 :INFO : test_tc001 :Display searched contact
2021-11-15 15:01:07,937 :INFO : test_tc002 :Successfully send message
2021-11-15 15:01:11,688 :INFO : test_tc003 :Successfully write result on excel
2021-11-15 15:01:15,742 :INFO : test_tc004 :successfully write message status on excel
2021-11-15 15:01:17,869 :INFO : test_tc005 :successfully logged out from whatsapp
2021-11-15 15:20:52,421 :INFO : test_tc001 :Display searched contact
2021-11-15 15:21:16,205 :INFO : test_tc001 :Display searched contact
2021-11-15 15:21:17,250 :INFO : test_tc002 :Successfully send message
2021-11-15 15:21:20,473 :INFO : test_tc003 :Successfully write result on excel
2021-11-15 15:21:24,512 :INFO : test_tc004 :successfully write message status on excel
2021-11-15 15:21:26,661 :INFO : test_tc005 :successfully logged out from whatsapp
2021-11-15 15:28:36,792 :INFO : test_tc001 :Display searched contact
2021-11-15 15:28:37,641 :INFO : test_tc002 :Successfully send message
2021-11-15 15:28:40,607 :INFO : test_tc003 :Successfully write result on excel
2021-11-15 15:28:44,680 :INFO : test_tc004 :successfully write message status on excel
2021-11-15 15:28:46,870 :INFO : test_tc005 :successfully logged out from whatsapp
2021-11-15 15:29:49,845 :INFO : test_tc001 :Display searched contact
2021-11-15 15:29:50,477 :INFO : test_tc002 :Successfully send message
2021-11-15 15:29:54,133 :INFO : test_tc003 :Successfully write result on excel
2021-11-15 15:29:58,225 :INFO : test_tc004 :successfully write message status on excel
2021-11-15 15:30:00,345 :INFO : test_tc005 :successfully logged out from whatsapp
2021-11-15 15:31:14,376 :INFO : test_tc001 :Display searched contact
2021-11-15 15:31:15,187 :INFO : test_tc002 :Successfully send message
2021-11-15 15:31:18,295 :INFO : test_tc003 :Successfully write result on excel
2021-11-15 15:31:22,376 :INFO : test_tc004 :successfully write message status on excel
2021-11-15 15:31:24,513 :INFO : test_tc005 :successfully logged out from whatsapp
2021-11-16 10:35:51,911 :INFO : test_tc001 :Display searched contact
2021-11-16 10:36:55,683 :INFO : test_tc001 :Display searched contact
2021-11-16 10:39:59,824 :INFO : test_tc001 :Display searched contact
2021-11-16 10:40:49,430 :INFO : test_tc001 :Display searched contact
2021-11-16 10:42:34,739 :INFO : test_tc001 :Display searched contact
2021-11-16 10:44:31,507 :INFO : test_tc001 :Display searched contact
2021-11-16 10:44:31,518 :INFO : test_tc001 :01601259370
2021-11-16 10:49:07,081 :INFO : test_tc001 :Display searched contact
2021-11-16 11:00:46,697 :INFO : test_tc002 :Successfully send message
2021-11-16 11:16:49,136 :INFO : test_tc003 :Successfully write result on excel
2021-11-16 11:26:27,991 :INFO : test_tc003 :Successfully write result on excel
2021-11-16 11:28:53,336 :INFO : test_tc003 :Successfully write result on excel
2021-11-16 11:29:25,291 :INFO : test_tc002 :Successfully send message
2021-11-16 11:34:12,016 :INFO : test_tc002 :Successfully send message
2021-11-16 11:37:19,099 :INFO : test_tc003 :Successfully write result on excel
2021-11-16 11:40:58,769 :INFO : test_tc003 :Successfully write result on excel
2021-11-16 11:48:14,960 :INFO : test_tc003 :Successfully write result on excel
2021-11-16 11:48:41,883 :INFO : test_tc003 :[Errno 13] Permission denied: 'C:\\Users\\rfnsh\\PycharmProjects\\WhatsappWebUiAutomation\\assets\\test.xlsx'
2021-11-16 11:48:41,883 :INFO : test_tc003 :Successfully write result on excel
2021-11-16 11:50:26,411 :INFO : test_tc003 :[Errno 13] Permission denied: 'C:\\Users\\rfnsh\\PycharmProjects\\WhatsappWebUiAutomation\\assets\\test.xlsx'
2021-11-16 11:51:57,581 :INFO : test_tc003 :[Errno 13] Permission denied: 'C:\\Users\\rfnsh\\PycharmProjects\\WhatsappWebUiAutomation\\assets\\test.xlsx'
2021-11-16 11:51:57,586 :INFO : test_tc003 :Close your excel file & run test case again
2021-11-16 11:52:51,202 :INFO : test_tc003 :Successfully write result on excel
